#
# There is insufficient memory for the Java Runtime Environment to continue.
# Native memory allocation (malloc) failed to allocate 1085776 bytes for Chunk::new
# Possible reasons:
#   The system is out of physical RAM or swap space
#   The process is running with CompressedOops enabled, and the Java Heap may be blocking the growth of the native heap
# Possible solutions:
#   Reduce memory load on the system
#   Increase physical memory or swap space
#   Check if swap backing store is full
#   Decrease Java heap size (-Xmx/-Xms)
#   Decrease number of Java threads
#   Decrease Java thread stack sizes (-Xss)
#   Set larger code cache with -XX:ReservedCodeCacheSize=
#   JVM is running with Unscaled Compressed Oops mode in which the Java heap is
#     placed in the first 4GB address space. The Java Heap base address is the
#     maximum limit for the native heap growth. Please use -XX:HeapBaseMinAddress
#     to set the Java Heap base and to place the Java Heap above 4GB virtual address.
# This output file may be truncated or incomplete.
#
#  Out of Memory Error (allocation.cpp:389), pid=10772, tid=0x0000000000000838
#
# JRE version: OpenJDK Runtime Environment (8.0_242-b01) (build 1.8.0_242-release-1644-b01)
# Java VM: OpenJDK 64-Bit Server VM (25.242-b01 mixed mode windows-amd64 compressed oops)
# Failed to write core dump. Minidumps are not enabled by default on client versions of Windows
#

---------------  T H R E A D  ---------------

Current thread (0x00000000182ca000):  JavaThread "C2 CompilerThread1" daemon [_thread_in_native, id=2104, stack(0x000000001aa90000,0x000000001ab90000)]

Stack: [0x000000001aa90000,0x000000001ab90000]
[error occurred during error reporting (printing stack bounds), id 0xc0000005]

Native frames: (J=compiled Java code, j=interpreted, Vv=VM code, C=native code)


Current CompileTask:
C2:   2696 1434   !   4       java.net.URLClassLoader$1::run (63 bytes)


---------------  P R O C E S S  ---------------

Java Threads: ( => current thread )
  0x000000001a0da800 JavaThread "File lock request listener" [_thread_in_native, id=2092, stack(0x000000001eeb0000,0x000000001efb0000)]
  0x000000001a0d7800 JavaThread "Cache worker for journal cache (C:\Users\rohit\.gradle\caches\journal-1)" [_thread_blocked, id=8620, stack(0x000000001edb0000,0x000000001eeb0000)]
  0x000000001a0de800 JavaThread "Thread-9" [_thread_blocked, id=11836, stack(0x000000001eab0000,0x000000001ebb0000)]
  0x000000001a0dd800 JavaThread "Stdin handler" [_thread_blocked, id=8572, stack(0x000000001e9b0000,0x000000001eab0000)]
  0x000000001a0dd000 JavaThread "Asynchronous log dispatcher for DefaultDaemonConnection: socket connection from /127.0.0.1:51265 to /127.0.0.1:51266" [_thread_blocked, id=7440, stack(0x000000001e8b0000,0x000000001e9b0000)]
  0x000000001a0da000 JavaThread "Daemon worker" [_thread_in_Java, id=13720, stack(0x000000001e7b0000,0x000000001e8b0000)]
  0x000000001cbd1800 JavaThread "Cancel handler" [_thread_blocked, id=6900, stack(0x000000001e6b0000,0x000000001e7b0000)]
  0x000000001cb57800 JavaThread "Handler for socket connection from /127.0.0.1:51265 to /127.0.0.1:51266" [_thread_in_native, id=11328, stack(0x000000001e3b0000,0x000000001e4b0000)]
  0x000000001cb54000 JavaThread "Daemon" [_thread_blocked, id=3152, stack(0x000000001e2b0000,0x000000001e3b0000)]
  0x000000001cb31800 JavaThread "Daemon periodic checks" [_thread_blocked, id=7016, stack(0x000000001e1b0000,0x000000001e2b0000)]
  0x000000001cacf800 JavaThread "Incoming local TCP Connector on port 51265" [_thread_in_native, id=9424, stack(0x000000001df70000,0x000000001e070000)]
  0x000000001afc5000 JavaThread "Daemon health stats" [_thread_blocked, id=9468, stack(0x000000001d930000,0x000000001da30000)]
  0x000000001a171000 JavaThread "Service Thread" daemon [_thread_blocked, id=11544, stack(0x000000001ad90000,0x000000001ae90000)]
  0x000000001a0dc000 JavaThread "C1 CompilerThread3" daemon [_thread_blocked, id=2756, stack(0x000000001ac90000,0x000000001ad90000)]
  0x000000001a0c8000 JavaThread "C2 CompilerThread2" daemon [_thread_blocked, id=2684, stack(0x000000001ab90000,0x000000001ac90000)]
=>0x00000000182ca000 JavaThread "C2 CompilerThread1" daemon [_thread_in_native, id=2104, stack(0x000000001aa90000,0x000000001ab90000)]
  0x000000001a0c3800 JavaThread "C2 CompilerThread0" daemon [_thread_in_native, id=9280, stack(0x000000001a990000,0x000000001aa90000)]
  0x000000001a0c3000 JavaThread "Attach Listener" daemon [_thread_blocked, id=13308, stack(0x000000001a890000,0x000000001a990000)]
  0x000000001a0c5800 JavaThread "Signal Dispatcher" daemon [_thread_blocked, id=4800, stack(0x000000001a790000,0x000000001a890000)]
  0x000000000324e000 JavaThread "Finalizer" daemon [_thread_blocked, id=3824, stack(0x000000001a590000,0x000000001a690000)]
  0x00000000182bc800 JavaThread "Reference Handler" daemon [_thread_blocked, id=10976, stack(0x000000001a490000,0x000000001a590000)]
  0x000000000314d800 JavaThread "main" [_thread_blocked, id=10740, stack(0x0000000002fe0000,0x00000000030e0000)]

Other Threads:
  0x00000000182b8000 VMThread [stack: 0x0000000019f90000,0x000000001a090000] [id=9564]
  0x000000001a143000 WatcherThread [stack: 0x000000001ae90000,0x000000001af90000] [id=2156]

VM state:not at safepoint (normal execution)

VM Mutex/Monitor currently owned by a thread: None

heap address: 0x0000000080000000, size: 2048 MB, Compressed Oops mode: 32-bit
Narrow klass base: 0x0000000000000000, Narrow klass shift: 3
Compressed class space size: 1073741824 Address: 0x0000000100000000

Heap:
 PSYoungGen      total 38400K, used 5730K [0x00000000d5580000, 0x00000000d8000000, 0x0000000100000000)
  eden space 33280K, 1% used [0x00000000d5580000,0x00000000d561ac20,0x00000000d7600000)
  from space 5120K, 99% used [0x00000000d7b00000,0x00000000d7ffdc80,0x00000000d8000000)
  to   space 5120K, 0% used [0x00000000d7600000,0x00000000d7600000,0x00000000d7b00000)
 ParOldGen       total 87552K, used 3604K [0x0000000080000000, 0x0000000085580000, 0x00000000d5580000)
  object space 87552K, 4% used [0x0000000080000000,0x0000000080385150,0x0000000085580000)
 Metaspace       used 15394K, capacity 15966K, committed 16128K, reserved 1062912K
  class space    used 2033K, capacity 2197K, committed 2304K, reserved 1048576K

Card table byte_map: [0x0000000012610000,0x0000000012a20000] byte_map_base: 0x0000000012210000

Marking Bits: (ParMarkBitMap*) 0x00000000592df030
 Begin Bits: [0x00000000134d0000, 0x00000000154d0000)
 End Bits:   [0x00000000154d0000, 0x00000000174d0000)

Polling page: 0x0000000002f20000

CodeCache: size=245760Kb used=5261Kb max_used=5271Kb free=240498Kb
 bounds [0x0000000003250000, 0x0000000003780000, 0x0000000012250000]
 total_blobs=1873 nmethods=1482 adapters=304
 compilation: enabled

Compilation events (10 events):
Event: 2.676 Thread 0x000000001a0dc000 1481       3       com.google.common.collect.AbstractIndexedListIterator::hasNext (17 bytes)
Event: 2.676 Thread 0x000000001a0dc000 nmethod 1481 0x0000000003770a90 code [0x0000000003770be0, 0x0000000003770d90]
Event: 2.676 Thread 0x000000001a0dc000 1483       1       com.google.common.collect.RegularImmutableList::size (5 bytes)
Event: 2.676 Thread 0x000000001a0dc000 nmethod 1483 0x000000000376d010 code [0x000000000376d160, 0x000000000376d270]
Event: 2.689 Thread 0x000000001a0c8000 1484       4       java.lang.ref.ReferenceQueue::reallyPoll (65 bytes)
Event: 2.689 Thread 0x000000001a0c8000 nmethod 1484 0x000000000376cd50 code [0x000000000376ce80, 0x000000000376cfb8]
Event: 2.690 Thread 0x000000001a0dc000 1486       3       java.util.regex.Pattern$TreeInfo::reset (21 bytes)
Event: 2.690 Thread 0x000000001a0c8000 1485       4       java.lang.String::codePointAt (36 bytes)
Event: 2.691 Thread 0x000000001a0dc000 nmethod 1486 0x0000000003777690 code [0x00000000037777e0, 0x0000000003777950]
Event: 2.691 Thread 0x000000001a0c8000 nmethod 1485 0x0000000003775e10 code [0x0000000003775f60, 0x0000000003776058]

GC Heap History (8 events):
Event: 0.952 GC heap before
{Heap before GC invocations=1 (full 0):
 PSYoungGen      total 38400K, used 33280K [0x00000000d5580000, 0x00000000d8000000, 0x0000000100000000)
  eden space 33280K, 100% used [0x00000000d5580000,0x00000000d7600000,0x00000000d7600000)
  from space 5120K, 0% used [0x00000000d7b00000,0x00000000d7b00000,0x00000000d8000000)
  to   space 5120K, 0% used [0x00000000d7600000,0x00000000d7600000,0x00000000d7b00000)
 ParOldGen       total 87552K, used 0K [0x0000000080000000, 0x0000000085580000, 0x00000000d5580000)
  object space 87552K, 0% used [0x0000000080000000,0x0000000080000000,0x0000000085580000)
 Metaspace       used 7525K, capacity 7774K, committed 8064K, reserved 1056768K
  class space    used 929K, capacity 1037K, committed 1152K, reserved 1048576K
Event: 0.957 GC heap after
Heap after GC invocations=1 (full 0):
 PSYoungGen      total 38400K, used 4492K [0x00000000d5580000, 0x00000000d8000000, 0x0000000100000000)
  eden space 33280K, 0% used [0x00000000d5580000,0x00000000d5580000,0x00000000d7600000)
  from space 5120K, 87% used [0x00000000d7600000,0x00000000d7a63380,0x00000000d7b00000)
  to   space 5120K, 0% used [0x00000000d7b00000,0x00000000d7b00000,0x00000000d8000000)
 ParOldGen       total 87552K, used 16K [0x0000000080000000, 0x0000000085580000, 0x00000000d5580000)
  object space 87552K, 0% used [0x0000000080000000,0x0000000080004000,0x0000000085580000)
 Metaspace       used 7525K, capacity 7774K, committed 8064K, reserved 1056768K
  class space    used 929K, capacity 1037K, committed 1152K, reserved 1048576K
}
Event: 1.280 GC heap before
{Heap before GC invocations=2 (full 0):
 PSYoungGen      total 38400K, used 37772K [0x00000000d5580000, 0x00000000d8000000, 0x0000000100000000)
  eden space 33280K, 100% used [0x00000000d5580000,0x00000000d7600000,0x00000000d7600000)
  from space 5120K, 87% used [0x00000000d7600000,0x00000000d7a63380,0x00000000d7b00000)
  to   space 5120K, 0% used [0x00000000d7b00000,0x00000000d7b00000,0x00000000d8000000)
 ParOldGen       total 87552K, used 16K [0x0000000080000000, 0x0000000085580000, 0x00000000d5580000)
  object space 87552K, 0% used [0x0000000080000000,0x0000000080004000,0x0000000085580000)
 Metaspace       used 7768K, capacity 8086K, committed 8320K, reserved 1056768K
  class space    used 955K, capacity 1077K, committed 1152K, reserved 1048576K
Event: 1.283 GC heap after
Heap after GC invocations=2 (full 0):
 PSYoungGen      total 38400K, used 3409K [0x00000000d5580000, 0x00000000d8000000, 0x0000000100000000)
  eden space 33280K, 0% used [0x00000000d5580000,0x00000000d5580000,0x00000000d7600000)
  from space 5120K, 66% used [0x00000000d7b00000,0x00000000d7e54618,0x00000000d8000000)
  to   space 5120K, 0% used [0x00000000d7600000,0x00000000d7600000,0x00000000d7b00000)
 ParOldGen       total 87552K, used 24K [0x0000000080000000, 0x0000000085580000, 0x00000000d5580000)
  object space 87552K, 0% used [0x0000000080000000,0x0000000080006000,0x0000000085580000)
 Metaspace       used 7768K, capacity 8086K, committed 8320K, reserved 1056768K
  class space    used 955K, capacity 1077K, committed 1152K, reserved 1048576K
}
Event: 2.439 GC heap before
{Heap before GC invocations=3 (full 0):
 PSYoungGen      total 38400K, used 36689K [0x00000000d5580000, 0x00000000d8000000, 0x0000000100000000)
  eden space 33280K, 100% used [0x00000000d5580000,0x00000000d7600000,0x00000000d7600000)
  from space 5120K, 66% used [0x00000000d7b00000,0x00000000d7e54618,0x00000000d8000000)
  to   space 5120K, 0% used [0x00000000d7600000,0x00000000d7600000,0x00000000d7b00000)
 ParOldGen       total 87552K, used 24K [0x0000000080000000, 0x0000000085580000, 0x00000000d5580000)
  object space 87552K, 0% used [0x0000000080000000,0x0000000080006000,0x0000000085580000)
 Metaspace       used 12141K, capacity 12516K, committed 12800K, reserved 1060864K
  class space    used 1618K, capacity 1738K, committed 1792K, reserved 1048576K
Event: 2.444 GC heap after
Heap after GC invocations=3 (full 0):
 PSYoungGen      total 38400K, used 5104K [0x00000000d5580000, 0x00000000d8000000, 0x0000000100000000)
  eden space 33280K, 0% used [0x00000000d5580000,0x00000000d5580000,0x00000000d7600000)
  from space 5120K, 99% used [0x00000000d7600000,0x00000000d7afc010,0x00000000d7b00000)
  to   space 5120K, 0% used [0x00000000d7b00000,0x00000000d7b00000,0x00000000d8000000)
 ParOldGen       total 87552K, used 1233K [0x0000000080000000, 0x0000000085580000, 0x00000000d5580000)
  object space 87552K, 1% used [0x0000000080000000,0x0000000080134490,0x0000000085580000)
 Metaspace       used 12141K, capacity 12516K, committed 12800K, reserved 1060864K
  class space    used 1618K, capacity 1738K, committed 1792K, reserved 1048576K
}
Event: 2.681 GC heap before
{Heap before GC invocations=4 (full 0):
 PSYoungGen      total 38400K, used 38384K [0x00000000d5580000, 0x00000000d8000000, 0x0000000100000000)
  eden space 33280K, 100% used [0x00000000d5580000,0x00000000d7600000,0x00000000d7600000)
  from space 5120K, 99% used [0x00000000d7600000,0x00000000d7afc010,0x00000000d7b00000)
  to   space 5120K, 0% used [0x00000000d7b00000,0x00000000d7b00000,0x00000000d8000000)
 ParOldGen       total 87552K, used 1233K [0x0000000080000000, 0x0000000085580000, 0x00000000d5580000)
  object space 87552K, 1% used [0x0000000080000000,0x0000000080134490,0x0000000085580000)
 Metaspace       used 15296K, capacity 15838K, committed 16128K, reserved 1062912K
  class space    used 2018K, capacity 2197K, committed 2304K, reserved 1048576K
Event: 2.688 GC heap after
Heap after GC invocations=4 (full 0):
 PSYoungGen      total 38400K, used 5111K [0x00000000d5580000, 0x00000000d8000000, 0x0000000100000000)
  eden space 33280K, 0% used [0x00000000d5580000,0x00000000d5580000,0x00000000d7600000)
  from space 5120K, 99% used [0x00000000d7b00000,0x00000000d7ffdc80,0x00000000d8000000)
  to   space 5120K, 0% used [0x00000000d7600000,0x00000000d7600000,0x00000000d7b00000)
 ParOldGen       total 87552K, used 3604K [0x0000000080000000, 0x0000000085580000, 0x00000000d5580000)
  object space 87552K, 4% used [0x0000000080000000,0x0000000080385150,0x0000000085580000)
 Metaspace       used 15296K, capacity 15838K, committed 16128K, reserved 1062912K
  class space    used 2018K, capacity 2197K, committed 2304K, reserved 1048576K
}

Deoptimization events (10 events):
Event: 2.413 Thread 0x000000001cb57800 Uncommon trap: reason=unstable_if action=reinterpret pc=0x0000000003580c5c method=java.lang.String.substring(I)Ljava/lang/String; @ 35
Event: 2.451 Thread 0x000000001a0da000 Uncommon trap: reason=bimorphic action=maybe_recompile pc=0x00000000034f9fcc method=java.util.HashMap.putVal(ILjava/lang/Object;Ljava/lang/Object;ZZ)Ljava/lang/Object; @ 253
Event: 2.451 Thread 0x000000001a0da000 Uncommon trap: reason=bimorphic action=maybe_recompile pc=0x00000000034f9fcc method=java.util.HashMap.putVal(ILjava/lang/Object;Ljava/lang/Object;ZZ)Ljava/lang/Object; @ 253
Event: 2.451 Thread 0x000000001a0da000 Uncommon trap: reason=bimorphic action=maybe_recompile pc=0x00000000034f9fcc method=java.util.HashMap.putVal(ILjava/lang/Object;Ljava/lang/Object;ZZ)Ljava/lang/Object; @ 253
Event: 2.451 Thread 0x000000001a0da000 Uncommon trap: reason=bimorphic action=maybe_recompile pc=0x00000000034f9fcc method=java.util.HashMap.putVal(ILjava/lang/Object;Ljava/lang/Object;ZZ)Ljava/lang/Object; @ 253
Event: 2.451 Thread 0x000000001a0da000 Uncommon trap: reason=bimorphic action=maybe_recompile pc=0x00000000035029dc method=java.util.HashMap.putVal(ILjava/lang/Object;Ljava/lang/Object;ZZ)Ljava/lang/Object; @ 253
Event: 2.609 Thread 0x000000001a0da000 Uncommon trap: reason=class_check action=maybe_recompile pc=0x0000000003585118 method=java.util.regex.Matcher.match(II)Z @ 86
Event: 2.621 Thread 0x000000001a0da000 Uncommon trap: reason=class_check action=maybe_recompile pc=0x0000000003585118 method=java.util.regex.Matcher.match(II)Z @ 86
Event: 2.621 Thread 0x000000001a0da000 Uncommon trap: reason=class_check action=maybe_recompile pc=0x0000000003585118 method=java.util.regex.Matcher.match(II)Z @ 86
Event: 2.622 Thread 0x000000001a0da000 Uncommon trap: reason=class_check action=maybe_recompile pc=0x0000000003407b4c method=java.util.regex.Matcher.match(II)Z @ 86

Classes redefined (0 events):
No events

Internal exceptions (10 events):
Event: 2.402 Thread 0x000000001cb57800 Exception <a 'java/lang/NoSuchMethodError': <clinit>> (0x00000000d736eff0) thrown at [C:\src\AOSP-openjdk-git\hotspot\src\share\vm\prims\jni.cpp, line 1615]
Event: 2.404 Thread 0x000000001cb57800 Exception <a 'java/lang/NoSuchMethodError': <clinit>> (0x00000000d7381930) thrown at [C:\src\AOSP-openjdk-git\hotspot\src\share\vm\prims\jni.cpp, line 1615]
Event: 2.407 Thread 0x000000001cb57800 Exception <a 'java/lang/NoSuchMethodError': <clinit>> (0x00000000d73a8a18) thrown at [C:\src\AOSP-openjdk-git\hotspot\src\share\vm\prims\jni.cpp, line 1615]
Event: 2.408 Thread 0x000000001cb57800 Exception <a 'java/lang/NoSuchMethodError': <clinit>> (0x00000000d73c0538) thrown at [C:\src\AOSP-openjdk-git\hotspot\src\share\vm\prims\jni.cpp, line 1615]
Event: 2.409 Thread 0x000000001cb57800 Exception <a 'java/lang/NoSuchMethodError': <clinit>> (0x00000000d73c90d8) thrown at [C:\src\AOSP-openjdk-git\hotspot\src\share\vm\prims\jni.cpp, line 1615]
Event: 2.410 Thread 0x000000001cb57800 Exception <a 'java/lang/NoSuchMethodError': <clinit>> (0x00000000d73df448) thrown at [C:\src\AOSP-openjdk-git\hotspot\src\share\vm\prims\jni.cpp, line 1615]
Event: 2.419 Thread 0x000000001cb57800 Exception <a 'java/lang/NoSuchMethodError': <clinit>> (0x00000000d74591b8) thrown at [C:\src\AOSP-openjdk-git\hotspot\src\share\vm\prims\jni.cpp, line 1615]
Event: 2.423 Thread 0x000000001cb57800 Exception <a 'java/lang/NoSuchMethodError': <clinit>> (0x00000000d7488d68) thrown at [C:\src\AOSP-openjdk-git\hotspot\src\share\vm\prims\jni.cpp, line 1615]
Event: 2.426 Thread 0x000000001cb57800 Exception <a 'java/lang/NoSuchMethodError': <clinit>> (0x00000000d74b7310) thrown at [C:\src\AOSP-openjdk-git\hotspot\src\share\vm\prims\jni.cpp, line 1615]
Event: 2.427 Thread 0x000000001cb57800 Exception <a 'java/lang/NoSuchMethodError': <clinit>> (0x00000000d74c3788) thrown at [C:\src\AOSP-openjdk-git\hotspot\src\share\vm\prims\jni.cpp, line 1615]

Events (10 events):
Event: 2.693 loading class sun/security/provider/SHA5$SHA512
Event: 2.694 loading class sun/security/provider/SHA5
Event: 2.694 loading class sun/security/provider/SHA5 done
Event: 2.694 loading class sun/security/provider/SHA5$SHA512 done
Event: 2.694 loading class org/gradle/internal/hash/Hashing$DefaultHasher
Event: 2.694 loading class org/gradle/internal/hash/Hashing$DefaultHasher done
Event: 2.694 loading class org/gradle/internal/hash/Hashing$MessageDigestHasher
Event: 2.694 loading class org/gradle/internal/hash/Hashing$MessageDigestHasher done
Event: 2.695 loading class com/google/common/base/Charsets
Event: 2.695 loading class com/google/common/base/Charsets done


Dynamic libraries:
0x00007ff6ffa90000 - 0x00007ff6ffac1000 	C:\Program Files\Android\Android Studio1\jre\bin\java.exe
0x00007ffbf8ef0000 - 0x00007ffbf90e6000 	C:\Windows\SYSTEM32\ntdll.dll
0x00007ffbf7340000 - 0x00007ffbf73fd000 	C:\Windows\System32\KERNEL32.DLL
0x00007ffbf6b90000 - 0x00007ffbf6e58000 	C:\Windows\System32\KERNELBASE.dll
0x00007ffbf7060000 - 0x00007ffbf710a000 	C:\Windows\System32\ADVAPI32.dll
0x00007ffbf6fc0000 - 0x00007ffbf705e000 	C:\Windows\System32\msvcrt.dll
0x00007ffbf7790000 - 0x00007ffbf782b000 	C:\Windows\System32\sechost.dll
0x00007ffbf71a0000 - 0x00007ffbf72c4000 	C:\Windows\System32\RPCRT4.dll
0x00007ffbf7cb0000 - 0x00007ffbf7e50000 	C:\Windows\System32\USER32.dll
0x00007ffbf6f30000 - 0x00007ffbf6f52000 	C:\Windows\System32\win32u.dll
0x00007ffbf7ec0000 - 0x00007ffbf7eea000 	C:\Windows\System32\GDI32.dll
0x00007ffbf6a80000 - 0x00007ffbf6b89000 	C:\Windows\System32\gdi32full.dll
0x00007ffbf6e60000 - 0x00007ffbf6efd000 	C:\Windows\System32\msvcp_win.dll
0x00007ffbf6640000 - 0x00007ffbf6740000 	C:\Windows\System32\ucrtbase.dll
0x00007ffbe3f30000 - 0x00007ffbe41cb000 	C:\Windows\WinSxS\amd64_microsoft.windows.common-controls_6595b64144ccf1df_6.0.19041.488_none_ca04af081b815d21\COMCTL32.dll
0x00007ffbf7400000 - 0x00007ffbf7430000 	C:\Windows\System32\IMM32.DLL
0x0000000059650000 - 0x0000000059722000 	C:\Program Files\Android\Android Studio1\jre\jre\bin\msvcr100.dll
0x0000000058b10000 - 0x000000005935b000 	C:\Program Files\Android\Android Studio1\jre\jre\bin\server\jvm.dll
0x00007ffbf7830000 - 0x00007ffbf7838000 	C:\Windows\System32\PSAPI.DLL
0x00007ffbdf220000 - 0x00007ffbdf229000 	C:\Windows\SYSTEM32\WSOCK32.dll
0x00007ffbf7e50000 - 0x00007ffbf7ebb000 	C:\Windows\System32\WS2_32.dll
0x00007ffbec2b0000 - 0x00007ffbec2ba000 	C:\Windows\SYSTEM32\VERSION.dll
0x00007ffbe5220000 - 0x00007ffbe5247000 	C:\Windows\SYSTEM32\WINMM.dll
0x00007ffbf1c30000 - 0x00007ffbf1c3f000 	C:\Program Files\Android\Android Studio1\jre\jre\bin\verify.dll
0x00007ffbf0950000 - 0x00007ffbf0979000 	C:\Program Files\Android\Android Studio1\jre\jre\bin\java.dll
0x00007ffbebdd0000 - 0x00007ffbebde6000 	C:\Program Files\Android\Android Studio1\jre\jre\bin\zip.dll
0x00007ffbf8690000 - 0x00007ffbf8dd0000 	C:\Windows\System32\SHELL32.dll
0x00007ffbf4770000 - 0x00007ffbf4f04000 	C:\Windows\SYSTEM32\windows.storage.dll
0x00007ffbf7430000 - 0x00007ffbf7785000 	C:\Windows\System32\combase.dll
0x00007ffbf60b0000 - 0x00007ffbf60dc000 	C:\Windows\SYSTEM32\Wldp.dll
0x00007ffbf8010000 - 0x00007ffbf80be000 	C:\Windows\System32\SHCORE.dll
0x00007ffbf72e0000 - 0x00007ffbf7335000 	C:\Windows\System32\shlwapi.dll
0x00007ffbf6570000 - 0x00007ffbf6596000 	C:\Windows\SYSTEM32\profapi.dll
0x00007ffbebdb0000 - 0x00007ffbebdca000 	C:\Program Files\Android\Android Studio1\jre\jre\bin\net.dll
0x00007ffbf5e30000 - 0x00007ffbf5e9a000 	C:\Windows\system32\mswsock.dll
0x00007ffbe7290000 - 0x00007ffbe72a3000 	C:\Program Files\Android\Android Studio1\jre\jre\bin\nio.dll
0x00007ffbe37b0000 - 0x00007ffbe37d7000 	C:\Users\rohit\.gradle\native\f6784746aeab05261644944871eae4fe03e0ef1612fff0a4a95f87b438bc6780\windows-amd64\native-platform.dll
0x00007ffbefb80000 - 0x00007ffbefb8d000 	C:\Program Files\Android\Android Studio1\jre\jre\bin\management.dll
0x00007ffbf6000000 - 0x00007ffbf6018000 	C:\Windows\SYSTEM32\CRYPTSP.dll
0x00007ffbf5750000 - 0x00007ffbf5784000 	C:\Windows\system32\rsaenh.dll
0x00007ffbf6f00000 - 0x00007ffbf6f27000 	C:\Windows\System32\bcrypt.dll
0x00007ffbf6530000 - 0x00007ffbf655e000 	C:\Windows\SYSTEM32\USERENV.dll
0x00007ffbf6900000 - 0x00007ffbf697f000 	C:\Windows\System32\bcryptprimitives.dll
0x00007ffbf6020000 - 0x00007ffbf602c000 	C:\Windows\SYSTEM32\CRYPTBASE.dll
0x00007ffbf5ad0000 - 0x00007ffbf5b0b000 	C:\Windows\SYSTEM32\IPHLPAPI.DLL
0x00007ffbf7910000 - 0x00007ffbf7919000 	C:\Windows\System32\NSI.dll
0x00007ffbf4480000 - 0x00007ffbf4497000 	C:\Windows\SYSTEM32\dhcpcsvc6.DLL
0x00007ffbf4460000 - 0x00007ffbf447d000 	C:\Windows\SYSTEM32\dhcpcsvc.DLL
0x00007ffbf5b10000 - 0x00007ffbf5bdb000 	C:\Windows\SYSTEM32\DNSAPI.dll
0x00007ffbec280000 - 0x00007ffbec28b000 	C:\Windows\SYSTEM32\WINNSI.DLL

VM Arguments:
jvm_args: -Xmx2048m -Dfile.encoding=UTF-8 -Duser.country=IN -Duser.language=en -Duser.variant 
java_command: org.gradle.launcher.daemon.bootstrap.GradleDaemon 6.5
java_class_path (initial): C:\Users\rohit\.gradle\wrapper\dists\gradle-6.5-all\2oz4ud9k3tuxjg84bbf55q0tn\gradle-6.5\lib\gradle-launcher-6.5.jar
Launcher Type: SUN_STANDARD

Environment Variables:
PATH=C:\Program Files\Python37\Scripts\;C:\Program Files\Python37\;C:\Program Files (x86)\Common Files\Oracle\Java\javapath;C:\Windows\system32;C:\Windows;C:\Windows\System32\Wbem;C:\Windows\System32\WindowsPowerShell\v1.0\;C:\Windows\System32\OpenSSH\;C:\Apache24\bin;C:\Program Files\Git\cmd;C:\Users\rohit\AppData\Local\Microsoft\WindowsApps;;C:\Users\rohit\AppData\Local\Programs\Microsoft VS Code\bin;C:\Program Files\heroku\bin
USERNAME=rohit
OS=Windows_NT
PROCESSOR_IDENTIFIER=Intel64 Family 6 Model 142 Stepping 10, GenuineIntel



---------------  S Y S T E M  ---------------

OS: Windows 10.0 , 64 bit Build 19041 (10.0.19041.546)

CPU:total 8 (initial active 8) (4 cores per cpu, 2 threads per core) family 6 model 142 stepping 10, cmov, cx8, fxsr, mmx, sse, sse2, sse3, ssse3, sse4.1, sse4.2, popcnt, avx, avx2, aes, clmul, erms, 3dnowpref, lzcnt, ht, tsc, tscinvbit, bmi1, bmi2, adx

Memory: 4k page, physical 8297528k(728256k free), swap 8297528k(5284k free)

vm_info: OpenJDK 64-Bit Server VM (25.242-b01) for windows-amd64 JRE (1.8.0_242-release-1644-b01), built by "builder" with MS VC++ 10.0 (VS2010)

time: Sat Nov 07 13:59:53 2020
timezone: India Standard Time
elapsed time: 2 seconds (0d 0h 0m 2s)

